0 info it worked if it ends with ok
1 verbose cli [ '/Users/mac002/.nvm/versions/node/v7.2.1/bin/node',
1 verbose cli   '/Users/mac002/.nvm/versions/node/v7.2.1/lib/node_modules/npm/bin/npm-cli.js',
1 verbose cli   'run',
1 verbose cli   'start',
1 verbose cli   '--scripts-prepend-node-path=auto' ]
2 info using npm@4.1.1
3 info using node@v7.2.1
4 verbose run-script [ 'prestart', 'start', 'poststart' ]
5 info lifecycle ocmc-olw@2018.6.2-0.4~prestart: ocmc-olw@2018.6.2-0.4
6 silly lifecycle ocmc-olw@2018.6.2-0.4~prestart: no script for prestart, continuing
7 info lifecycle ocmc-olw@2018.6.2-0.4~start: ocmc-olw@2018.6.2-0.4
8 verbose lifecycle ocmc-olw@2018.6.2-0.4~start: unsafe-perm in lifecycle true
9 verbose lifecycle ocmc-olw@2018.6.2-0.4~start: PATH: /Users/mac002/.nvm/versions/node/v7.2.1/lib/node_modules/npm/bin/node-gyp-bin:/Users/mac002/Git/ocmc-translation-projects/ioc-tms-app/node_modules/.bin:/Users/mac002/.nvm/versions/node/v7.2.1/bin:/Users/mac002/.npm-packages/bin:/Library/Frameworks/Python.framework/Versions/3.5/bin:/opt/local/bin:/opt/local/sbin:/usr/local/bin/mvn:/Applications/calibre.app/Contents/MacOS:/Library/Frameworks/Python.framework/Versions/3.4/bin:/Library/Frameworks/Python.framework/Versions/2.7/bin:/Users/mac002/.nvm/versions/node/v8.9.4/bin:/Users/mac002/.npm-packages/bin:/opt/local/bin:/opt/local/sbin:/opt/local/bin:/opt/local/sbin:/Library/Java/JavaVirtualMachines/jdk1.8.0_162.jdk/Contents/Home/bin:/usr/local/bin:/usr/bin:/bin:/usr/sbin:/sbin:/Applications/VMware Fusion.app/Contents/Public:/Library/TeX/texbin:/Users/mac002/.rvm/bin:/Users/mac002/.rvm/bin
10 verbose lifecycle ocmc-olw@2018.6.2-0.4~start: CWD: /Users/mac002/Git/ocmc-translation-projects/ioc-tms-app
11 silly lifecycle ocmc-olw@2018.6.2-0.4~start: Args: [ '-c', 'react-scripts start' ]
12 silly lifecycle ocmc-olw@2018.6.2-0.4~start: Returned: code: 1  signal: null
13 info lifecycle ocmc-olw@2018.6.2-0.4~start: Failed to exec start script
14 verbose stack Error: ocmc-olw@2018.6.2-0.4 start: `react-scripts start`
14 verbose stack Exit status 1
14 verbose stack     at EventEmitter.<anonymous> (/Users/mac002/.nvm/versions/node/v7.2.1/lib/node_modules/npm/lib/utils/lifecycle.js:279:16)
14 verbose stack     at emitTwo (events.js:106:13)
14 verbose stack     at EventEmitter.emit (events.js:191:7)
14 verbose stack     at ChildProcess.<anonymous> (/Users/mac002/.nvm/versions/node/v7.2.1/lib/node_modules/npm/lib/utils/spawn.js:40:14)
14 verbose stack     at emitTwo (events.js:106:13)
14 verbose stack     at ChildProcess.emit (events.js:191:7)
14 verbose stack     at maybeClose (internal/child_process.js:885:16)
14 verbose stack     at Process.ChildProcess._handle.onexit (internal/child_process.js:226:5)
15 verbose pkgid ocmc-olw@2018.6.2-0.4
16 verbose cwd /Users/mac002/Git/ocmc-translation-projects/ioc-tms-app
17 error Darwin 16.7.0
18 error argv "/Users/mac002/.nvm/versions/node/v7.2.1/bin/node" "/Users/mac002/.nvm/versions/node/v7.2.1/lib/node_modules/npm/bin/npm-cli.js" "run" "start" "--scripts-prepend-node-path=auto"
19 error node v7.2.1
20 error npm  v4.1.1
21 error code ELIFECYCLE
22 error ocmc-olw@2018.6.2-0.4 start: `react-scripts start`
22 error Exit status 1
23 error Failed at the ocmc-olw@2018.6.2-0.4 start script 'react-scripts start'.
23 error Make sure you have the latest version of node.js and npm installed.
23 error If you do, this is most likely a problem with the ocmc-olw package,
23 error not with npm itself.
23 error Tell the author that this fails on your system:
23 error     react-scripts start
23 error You can get information on how to open an issue for this project with:
23 error     npm bugs ocmc-olw
23 error Or if that isn't available, you can get their info via:
23 error     npm owner ls ocmc-olw
23 error There is likely additional logging output above.
24 verbose exit [ 1, true ]
